2024-05-17T13:40:26.021+02:00  WARN 15812 --- [safetynet] [main] ory$DuplicateJsonObjectContextCustomizer : 

Found multiple occurrences of org.json.JSONObject on the class path:

	jar:file:/C:/Users/japan/.m2/repository/com/vaadin/external/google/android-json/0.0.20131108.vaadin1/android-json-0.0.20131108.vaadin1.jar!/org/json/JSONObject.class
	jar:file:/C:/Users/japan/.m2/repository/org/json/json/20240303/json-20240303.jar!/org/json/JSONObject.class

You may wish to exclude one of them to ensure predictable runtime behavior

2024-05-17T13:40:26.033+02:00  INFO 15812 --- [safetynet] [main] n.s.a.s.MedicalRecordControllerTest      : Starting MedicalRecordControllerTest using Java 21.0.2 with PID 15812 (started by japan in D:\Principal\Projets\OCR\java-projet5\java-projet5)
2024-05-17T13:40:26.034+02:00  INFO 15812 --- [safetynet] [main] n.s.a.s.MedicalRecordControllerTest      : No active profile set, falling back to 1 default profile: "default"
2024-05-17T13:40:27.665+02:00  INFO 15812 --- [safetynet] [main] o.s.b.t.m.w.SpringBootMockServletContext : Initializing Spring TestDispatcherServlet ''
2024-05-17T13:40:27.666+02:00  INFO 15812 --- [safetynet] [main] o.s.t.web.servlet.TestDispatcherServlet  : Initializing Servlet ''
2024-05-17T13:40:27.677+02:00  INFO 15812 --- [safetynet] [main] o.s.b.a.e.web.EndpointLinksResolver      : Exposing 3 endpoint(s) beneath base path '/actuator'
2024-05-17T13:40:27.686+02:00  INFO 15812 --- [safetynet] [main] o.s.t.web.servlet.TestDispatcherServlet  : Completed initialization in 20 ms
2024-05-17T13:40:27.762+02:00  INFO 15812 --- [safetynet] [main] n.s.a.s.MedicalRecordControllerTest      : Started MedicalRecordControllerTest in 2.007 seconds (process running for 2.982)
2024-05-17T13:40:28.698+02:00 ERROR 15812 --- [safetynet] [main] n.s.a.s.e.e.EntityAlreadyExistsException : net.safety.alerts.safetynet.entities.MedicalRecordEntity already exists
2024-05-17T13:40:28.714+02:00 ERROR 15812 --- [safetynet] [main] n.s.a.s.e.e.EntityNotFoundException      : net.safety.alerts.safetynet.entities.MedicalRecordEntity entity not found
2024-05-17T13:40:28.735+02:00 ERROR 15812 --- [safetynet] [main] n.s.a.s.e.e.EntityNotFoundException      : net.safety.alerts.safetynet.entities.MedicalRecordEntity entity not found
2024-05-17T13:40:28.764+02:00 ERROR 15812 --- [safetynet] [main] n.s.a.s.e.e.EntityNotFoundException      : net.safety.alerts.safetynet.entities.MedicalRecordEntity entity not found
2024-05-17T13:40:28.772+02:00  INFO 15812 --- [safetynet] [main] t.c.s.AnnotationConfigContextLoaderUtils : Could not detect default configuration classes for test class [net.safety.alerts.safetynet.FireStationControllerTest]: FireStationControllerTest does not declare any static, non-private, non-final, nested classes annotated with @Configuration.
2024-05-17T13:40:28.774+02:00  INFO 15812 --- [safetynet] [main] .b.t.c.SpringBootTestContextBootstrapper : Found @SpringBootConfiguration net.safety.alerts.safetynet.SafetynetApplication for test class net.safety.alerts.safetynet.FireStationControllerTest
2024-05-17T13:40:28.776+02:00 ERROR 15812 --- [safetynet] [main] n.s.a.s.e.d.DatabaseAlreadyInitException : Database already initialized
2024-05-17T13:40:28.781+02:00 ERROR 15812 --- [safetynet] [main] n.s.a.s.e.e.EntityNotFoundException      : net.safety.alerts.safetynet.entities.FireStationEntity entity not found
2024-05-17T13:40:28.802+02:00 ERROR 15812 --- [safetynet] [main] n.s.a.s.e.e.EntityNotFoundException      : net.safety.alerts.safetynet.entities.FireStationEntity entity not found
2024-05-17T13:40:28.810+02:00 ERROR 15812 --- [safetynet] [main] n.s.a.s.e.e.EntityNotFoundException      : net.safety.alerts.safetynet.entities.FireStationEntity entity not found
2024-05-17T13:40:28.817+02:00 ERROR 15812 --- [safetynet] [main] n.s.a.s.e.e.EntityNotFoundException      : net.safety.alerts.safetynet.entities.FireStationEntity entity not found
2024-05-17T13:40:28.823+02:00 ERROR 15812 --- [safetynet] [main] n.s.a.s.e.e.EntityNotFoundException      : net.safety.alerts.safetynet.repositories.MedicalRecordRepository entity not found
2024-05-17T13:40:28.866+02:00 ERROR 15812 --- [safetynet] [main] n.s.a.s.e.e.EntityAlreadyExistsException : net.safety.alerts.safetynet.entities.FireStationEntity already exists
2024-05-17T13:40:28.881+02:00 ERROR 15812 --- [safetynet] [main] n.s.a.s.e.e.EntityNotFoundException      : net.safety.alerts.safetynet.entities.FireStationEntity entity not found
2024-05-17T13:40:28.902+02:00 ERROR 15812 --- [safetynet] [main] n.s.a.s.e.e.EntityNotFoundException      : net.safety.alerts.safetynet.entities.FireStationEntity entity not found
2024-05-17T13:40:28.919+02:00  INFO 15812 --- [safetynet] [main] n.s.a.safetynet.database.JSONDatabase    : Successfully loaded JSON datas from 'database.json' !
2024-05-17T13:40:28.920+02:00 ERROR 15812 --- [safetynet] [main] n.s.a.s.e.d.DatabaseAlreadyInitException : Database already initialized
2024-05-17T13:40:28.921+02:00 ERROR 15812 --- [safetynet] [main] n.s.a.s.e.r.NullDatabaseException        : JSON Database instance is null, it might not be initialized
2024-05-17T13:40:28.923+02:00 ERROR 15812 --- [safetynet] [main] n.s.a.safetynet.database.JSONDatabase    : 
2024-05-17T13:40:28.924+02:00 ERROR 15812 --- [safetynet] [main] n.s.a.s.e.d.DatabaseReadFileException    : Failed to read <> file
2024-05-17T13:40:28.925+02:00 ERROR 15812 --- [safetynet] [main] n.s.a.s.e.r.NullDatabaseException        : JSON Database instance is null, it might not be initialized
2024-05-17T13:40:28.926+02:00 ERROR 15812 --- [safetynet] [main] n.s.a.s.e.r.NullDatabaseException        : JSON Database instance is null, it might not be initialized
2024-05-17T13:40:28.928+02:00  INFO 15812 --- [safetynet] [main] t.c.s.AnnotationConfigContextLoaderUtils : Could not detect default configuration classes for test class [net.safety.alerts.safetynet.PersonControllerTest]: PersonControllerTest does not declare any static, non-private, non-final, nested classes annotated with @Configuration.
2024-05-17T13:40:28.931+02:00  INFO 15812 --- [safetynet] [main] .b.t.c.SpringBootTestContextBootstrapper : Found @SpringBootConfiguration net.safety.alerts.safetynet.SafetynetApplication for test class net.safety.alerts.safetynet.PersonControllerTest
2024-05-17T13:40:28.933+02:00  INFO 15812 --- [safetynet] [main] n.s.a.safetynet.database.JSONDatabase    : Successfully loaded JSON datas from 'database.json' !
2024-05-17T13:40:28.938+02:00 ERROR 15812 --- [safetynet] [main] n.s.a.s.e.e.EntityNotFoundException      : net.safety.alerts.safetynet.entities.PersonEntity entity not found
2024-05-17T13:40:28.955+02:00 ERROR 15812 --- [safetynet] [main] n.s.a.s.e.e.EntityNotFoundException      : net.safety.alerts.safetynet.entities.PersonEntity entity not found
2024-05-17T13:40:28.961+02:00 ERROR 15812 --- [safetynet] [main] n.s.a.s.e.e.EntityNotFoundException      : net.safety.alerts.safetynet.entities.PersonEntity entity not found
2024-05-17T13:40:29.003+02:00 ERROR 15812 --- [safetynet] [main] n.s.a.s.e.e.EntityNotFoundException      : net.safety.alerts.safetynet.entities.PersonEntity entity not found
2024-05-17T13:40:29.009+02:00 ERROR 15812 --- [safetynet] [main] n.s.a.s.e.e.EntityAlreadyExistsException : net.safety.alerts.safetynet.entities.PersonEntity already exists
2024-05-17T13:40:29.023+02:00 ERROR 15812 --- [safetynet] [main] n.s.a.s.e.e.EntityNotFoundException      : net.safety.alerts.safetynet.entities.PersonEntity entity not found
2024-05-17T13:40:40.676+02:00  WARN 7848 --- [safetynet] [main] ory$DuplicateJsonObjectContextCustomizer : 

Found multiple occurrences of org.json.JSONObject on the class path:

	jar:file:/C:/Users/japan/.m2/repository/com/vaadin/external/google/android-json/0.0.20131108.vaadin1/android-json-0.0.20131108.vaadin1.jar!/org/json/JSONObject.class
	jar:file:/C:/Users/japan/.m2/repository/org/json/json/20240303/json-20240303.jar!/org/json/JSONObject.class

You may wish to exclude one of them to ensure predictable runtime behavior

2024-05-17T13:40:40.691+02:00  INFO 7848 --- [safetynet] [main] n.s.a.s.MedicalRecordControllerTest      : Starting MedicalRecordControllerTest using Java 21.0.2 with PID 7848 (started by japan in D:\Principal\Projets\OCR\java-projet5\java-projet5)
2024-05-17T13:40:40.692+02:00  INFO 7848 --- [safetynet] [main] n.s.a.s.MedicalRecordControllerTest      : No active profile set, falling back to 1 default profile: "default"
2024-05-17T13:40:42.268+02:00  INFO 7848 --- [safetynet] [main] o.s.b.t.m.w.SpringBootMockServletContext : Initializing Spring TestDispatcherServlet ''
2024-05-17T13:40:42.268+02:00  INFO 7848 --- [safetynet] [main] o.s.t.web.servlet.TestDispatcherServlet  : Initializing Servlet ''
2024-05-17T13:40:42.284+02:00  INFO 7848 --- [safetynet] [main] o.s.b.a.e.web.EndpointLinksResolver      : Exposing 3 endpoint(s) beneath base path '/actuator'
2024-05-17T13:40:42.297+02:00  INFO 7848 --- [safetynet] [main] o.s.t.web.servlet.TestDispatcherServlet  : Completed initialization in 29 ms
2024-05-17T13:40:42.355+02:00  INFO 7848 --- [safetynet] [main] n.s.a.s.MedicalRecordControllerTest      : Started MedicalRecordControllerTest in 1.923 seconds (process running for 2.786)
2024-05-17T13:41:21.493+02:00  INFO 9696 --- [safetynet] [main] n.s.a.safetynet.SafetynetApplication     : Starting SafetynetApplication using Java 21.0.3 with PID 9696 (D:\Principal\Projets\OCR\java-projet5\java-projet5\target\classes started by japan in D:\Principal\Projets\OCR\java-projet5\java-projet5)
2024-05-17T13:41:21.494+02:00  INFO 9696 --- [safetynet] [main] n.s.a.safetynet.SafetynetApplication     : No active profile set, falling back to 1 default profile: "default"
2024-05-17T13:41:22.401+02:00  INFO 9696 --- [safetynet] [main] o.s.b.w.embedded.tomcat.TomcatWebServer  : Tomcat initialized with port 8080 (http)
2024-05-17T13:41:22.411+02:00  INFO 9696 --- [safetynet] [main] o.apache.catalina.core.StandardService   : Starting service [Tomcat]
2024-05-17T13:41:22.411+02:00  INFO 9696 --- [safetynet] [main] o.apache.catalina.core.StandardEngine    : Starting Servlet engine: [Apache Tomcat/10.1.19]
2024-05-17T13:41:22.455+02:00  INFO 9696 --- [safetynet] [main] o.a.c.c.C.[Tomcat].[localhost].[/]       : Initializing Spring embedded WebApplicationContext
2024-05-17T13:41:22.455+02:00  INFO 9696 --- [safetynet] [main] w.s.c.ServletWebServerApplicationContext : Root WebApplicationContext: initialization completed in 909 ms
2024-05-17T13:41:22.898+02:00  INFO 9696 --- [safetynet] [main] o.s.b.a.e.web.EndpointLinksResolver      : Exposing 3 endpoint(s) beneath base path '/actuator'
2024-05-17T13:41:22.959+02:00  INFO 9696 --- [safetynet] [main] o.s.b.w.embedded.tomcat.TomcatWebServer  : Tomcat started on port 8080 (http) with context path ''
2024-05-17T13:41:22.978+02:00  INFO 9696 --- [safetynet] [main] n.s.a.safetynet.SafetynetApplication     : Started SafetynetApplication in 1.801 seconds (process running for 2.058)
2024-05-17T13:41:55.343+02:00  INFO 9696 --- [safetynet] [http-nio-8080-exec-1] o.a.c.c.C.[Tomcat].[localhost].[/]       : Initializing Spring DispatcherServlet 'dispatcherServlet'
2024-05-17T13:41:55.343+02:00  INFO 9696 --- [safetynet] [http-nio-8080-exec-1] o.s.web.servlet.DispatcherServlet        : Initializing Servlet 'dispatcherServlet'
2024-05-17T13:41:55.344+02:00  INFO 9696 --- [safetynet] [http-nio-8080-exec-1] o.s.web.servlet.DispatcherServlet        : Completed initialization in 1 ms
2024-05-17T13:42:02.155+02:00  WARN 9696 --- [safetynet] [http-nio-8080-exec-3] .w.s.m.s.DefaultHandlerExceptionResolver : Resolved [org.springframework.web.bind.MissingServletRequestParameterException: Required request parameter 'city' for method parameter type String is not present]
2024-05-17T13:44:28.517+02:00  INFO 28368 --- [safetynet] [main] n.s.a.safetynet.SafetynetApplication     : Starting SafetynetApplication using Java 21.0.3 with PID 28368 (D:\Principal\Projets\OCR\java-projet5\java-projet5\target\classes started by japan in D:\Principal\Projets\OCR\java-projet5\java-projet5)
2024-05-17T13:44:28.519+02:00  INFO 28368 --- [safetynet] [main] n.s.a.safetynet.SafetynetApplication     : No active profile set, falling back to 1 default profile: "default"
2024-05-17T13:44:29.362+02:00  INFO 28368 --- [safetynet] [main] o.s.b.w.embedded.tomcat.TomcatWebServer  : Tomcat initialized with port 8080 (http)
2024-05-17T13:44:29.371+02:00  INFO 28368 --- [safetynet] [main] o.apache.catalina.core.StandardService   : Starting service [Tomcat]
2024-05-17T13:44:29.371+02:00  INFO 28368 --- [safetynet] [main] o.apache.catalina.core.StandardEngine    : Starting Servlet engine: [Apache Tomcat/10.1.19]
2024-05-17T13:44:29.408+02:00  INFO 28368 --- [safetynet] [main] o.a.c.c.C.[Tomcat].[localhost].[/]       : Initializing Spring embedded WebApplicationContext
2024-05-17T13:44:29.408+02:00  INFO 28368 --- [safetynet] [main] w.s.c.ServletWebServerApplicationContext : Root WebApplicationContext: initialization completed in 857 ms
2024-05-17T13:44:29.805+02:00  INFO 28368 --- [safetynet] [main] o.s.b.a.e.web.EndpointLinksResolver      : Exposing 3 endpoint(s) beneath base path '/actuator'
2024-05-17T13:44:29.855+02:00  INFO 28368 --- [safetynet] [main] o.s.b.w.embedded.tomcat.TomcatWebServer  : Tomcat started on port 8080 (http) with context path ''
2024-05-17T13:44:29.868+02:00  INFO 28368 --- [safetynet] [main] n.s.a.safetynet.SafetynetApplication     : Started SafetynetApplication in 1.642 seconds (process running for 1.925)
2024-05-17T13:44:31.975+02:00  INFO 28368 --- [safetynet] [http-nio-8080-exec-2] o.a.c.c.C.[Tomcat].[localhost].[/]       : Initializing Spring DispatcherServlet 'dispatcherServlet'
2024-05-17T13:44:31.975+02:00  INFO 28368 --- [safetynet] [http-nio-8080-exec-2] o.s.web.servlet.DispatcherServlet        : Initializing Servlet 'dispatcherServlet'
2024-05-17T13:44:31.976+02:00  INFO 28368 --- [safetynet] [http-nio-8080-exec-2] o.s.web.servlet.DispatcherServlet        : Completed initialization in 1 ms
2024-05-17T13:45:35.653+02:00  INFO 27584 --- [safetynet] [main] n.s.a.safetynet.SafetynetApplication     : Starting SafetynetApplication using Java 21.0.3 with PID 27584 (D:\Principal\Projets\OCR\java-projet5\java-projet5\target\classes started by japan in D:\Principal\Projets\OCR\java-projet5\java-projet5)
2024-05-17T13:45:35.654+02:00  INFO 27584 --- [safetynet] [main] n.s.a.safetynet.SafetynetApplication     : No active profile set, falling back to 1 default profile: "default"
2024-05-17T13:45:36.462+02:00  INFO 27584 --- [safetynet] [main] o.s.b.w.embedded.tomcat.TomcatWebServer  : Tomcat initialized with port 8080 (http)
2024-05-17T13:45:36.470+02:00  INFO 27584 --- [safetynet] [main] o.apache.catalina.core.StandardService   : Starting service [Tomcat]
2024-05-17T13:45:36.471+02:00  INFO 27584 --- [safetynet] [main] o.apache.catalina.core.StandardEngine    : Starting Servlet engine: [Apache Tomcat/10.1.19]
2024-05-17T13:45:36.505+02:00  INFO 27584 --- [safetynet] [main] o.a.c.c.C.[Tomcat].[localhost].[/]       : Initializing Spring embedded WebApplicationContext
2024-05-17T13:45:36.505+02:00  INFO 27584 --- [safetynet] [main] w.s.c.ServletWebServerApplicationContext : Root WebApplicationContext: initialization completed in 817 ms
2024-05-17T13:45:36.862+02:00  INFO 27584 --- [safetynet] [main] o.s.b.a.e.web.EndpointLinksResolver      : Exposing 0 endpoint(s) beneath base path '/actuator'
2024-05-17T13:45:36.905+02:00  INFO 27584 --- [safetynet] [main] o.s.b.w.embedded.tomcat.TomcatWebServer  : Tomcat started on port 8080 (http) with context path ''
2024-05-17T13:45:36.916+02:00  INFO 27584 --- [safetynet] [main] n.s.a.safetynet.SafetynetApplication     : Started SafetynetApplication in 1.539 seconds (process running for 1.787)
2024-05-17T13:45:39.398+02:00  INFO 27584 --- [safetynet] [http-nio-8080-exec-1] o.a.c.c.C.[Tomcat].[localhost].[/]       : Initializing Spring DispatcherServlet 'dispatcherServlet'
2024-05-17T13:45:39.398+02:00  INFO 27584 --- [safetynet] [http-nio-8080-exec-1] o.s.web.servlet.DispatcherServlet        : Initializing Servlet 'dispatcherServlet'
2024-05-17T13:45:39.399+02:00  INFO 27584 --- [safetynet] [http-nio-8080-exec-1] o.s.web.servlet.DispatcherServlet        : Completed initialization in 1 ms
